INFO  [2020-03-29 09:54:40,535][gateway.py:189] 加载的自定义价差/价比配置:{'BU99-1-TA99-1-BJ': {'name': '沥青/TA指数比', 'exchange': 'SPD', 'leg1_symbol': 'BU99', 'leg1_ratio': 1, 'leg2_symbol': 'TA99', 'leg2_ratio': 1, 'is_ratio': True, 'size': 100, 'margin_rate': 0.2, 'price_tick': 0.01}, 'JM99-1-I99-1-BJ': {'name': '焦煤/铁矿指数比', 'exchange': 'SPD', 'leg1_symbol': 'JM99', 'leg1_ratio': 1, 'leg2_symbol': 'I99', 'leg2_ratio': 1, 'price_tick': 0.01, 'is_ratio': True, 'size': 100, 'margin_rate': 0.2}, 'jm2005-1-i2005-1-BJ': {'name': '焦煤/铁矿主力比', 'exchange': 'SPD', 'leg1_symbol': 'jm2005', 'leg1_ratio': 1, 'leg2_symbol': 'i2005', 'leg2_ratio': 1, 'price_tick': 0.01, 'is_ratio': True, 'size': 100, 'margin_rate': 0.2}}
INFO  [2020-03-29 09:54:40,539][gateway.py:189] 开始连接通达信行情服务器
INFO  [2020-03-29 09:54:40,622][gateway.py:189] 创建tdx连接, IP: 106.14.95.149/7727
INFO  [2020-03-29 09:54:40,625][gateway.py:189] 开始运行tdx查询指数行情线程,2020-03-29 09:54:40.625218
INFO  [2020-03-29 09:54:40,660][gateway.py:189] 交易服务器连接成功
INFO  [2020-03-29 09:54:40,665][gateway.py:189] 行情服务器连接成功
INFO  [2020-03-29 09:54:40,809][gateway.py:189] 交易服务器授权验证成功
INFO  [2020-03-29 09:54:40,810][gateway.py:189] 行情服务器登录成功
INFO  [2020-03-29 09:54:41,106][gateway.py:189] 交易服务器登录成功
INFO  [2020-03-29 09:54:42,082][gateway.py:189] 结算信息确认成功
INFO  [2020-03-29 09:54:43,212][gateway.py:189] 合约信息查询成功
INFO  [2020-03-29 09:55:00,152][gateway.py:189] tdx check point. 2020-03-29 09:55:00.152240, process symbols:set()
INFO  [2020-03-29 09:55:13,076][gateway.py:189] 订阅:Exchange.DCE i2005
INFO  [2020-03-29 09:55:13,078][gateway.py:189] 通达信行情订阅 I99
INFO  [2020-03-29 09:55:13,078][gateway.py:189] I99=>IL9
INFO  [2020-03-29 09:55:13,081][gateway.py:189] 订阅:Exchange.DCE i2005
INFO  [2020-03-29 09:55:13,654][gateway.py:189] 订阅:Exchange.DCE j2006
INFO  [2020-03-29 09:55:13,655][gateway.py:189] 通达信行情订阅 I99
INFO  [2020-03-29 09:55:13,655][gateway.py:189] I99=>IL9
INFO  [2020-03-29 09:55:13,662][gateway.py:189] 订阅:Exchange.DCE j2006
INFO  [2020-03-29 09:55:14,185][gateway.py:189] 订阅:Exchange.DCE i2005
INFO  [2020-03-29 09:55:14,186][gateway.py:189] 通达信行情订阅 I99
INFO  [2020-03-29 09:55:14,186][gateway.py:189] I99=>IL9
INFO  [2020-03-29 09:55:14,190][gateway.py:189] 订阅:Exchange.DCE i2005
INFO  [2020-03-29 09:56:00,203][gateway.py:189] tdx check point. 2020-03-29 09:56:00.203917, process symbols:{'IL9'}
INFO  [2020-03-29 09:57:00,096][gateway.py:189] tdx check point. 2020-03-29 09:57:00.096639, process symbols:{'IL9'}
INFO  [2020-03-29 09:58:00,067][gateway.py:189] tdx check point. 2020-03-29 09:58:00.067264, process symbols:{'IL9'}
INFO  [2020-03-29 09:59:00,022][gateway.py:189] tdx check point. 2020-03-29 09:59:00.022196, process symbols:{'IL9'}
INFO  [2020-03-29 10:00:00,516][gateway.py:189] tdx check point. 2020-03-29 10:00:00.516989, process symbols:{'IL9'}
ERROR  [2020-03-29 10:00:33,842][gateway.py:189] 交易委托失败，代码：31，信息：CTP:资金不足
ERROR  [2020-03-29 10:00:34,324][gateway.py:189] 交易委托失败，代码：31，信息：CTP:资金不足
ERROR  [2020-03-29 10:00:34,861][gateway.py:189] 交易委托失败，代码：31，信息：CTP:资金不足
ERROR  [2020-03-29 10:00:35,389][gateway.py:189] 交易委托失败，代码：31，信息：CTP:资金不足
ERROR  [2020-03-29 10:00:35,927][gateway.py:189] 交易委托失败，代码：31，信息：CTP:资金不足
ERROR  [2020-03-29 10:00:36,462][gateway.py:189] 交易委托失败，代码：31，信息：CTP:资金不足
ERROR  [2020-03-29 10:00:36,992][gateway.py:189] 交易委托失败，代码：31，信息：CTP:资金不足
ERROR  [2020-03-29 10:00:37,527][gateway.py:189] 交易委托失败，代码：31，信息：CTP:资金不足
ERROR  [2020-03-29 10:00:38,064][gateway.py:189] 交易委托失败，代码：31，信息：CTP:资金不足
ERROR  [2020-03-29 10:00:38,592][gateway.py:189] 交易委托失败，代码：31，信息：CTP:资金不足
ERROR  [2020-03-29 10:00:39,126][gateway.py:189] 交易委托失败，代码：31，信息：CTP:资金不足
ERROR  [2020-03-29 10:00:39,660][gateway.py:189] 交易委托失败，代码：31，信息：CTP:资金不足
ERROR  [2020-03-29 10:00:40,197][gateway.py:189] 交易委托失败，代码：31，信息：CTP:资金不足
ERROR  [2020-03-29 10:00:40,731][gateway.py:189] 交易委托失败，代码：31，信息：CTP:资金不足
ERROR  [2020-03-29 10:00:41,266][gateway.py:189] 交易委托失败，代码：31，信息：CTP:资金不足
ERROR  [2020-03-29 10:00:41,796][gateway.py:189] 交易委托失败，代码：31，信息：CTP:资金不足
ERROR  [2020-03-29 10:00:42,334][gateway.py:189] 交易委托失败，代码：31，信息：CTP:资金不足
ERROR  [2020-03-29 10:00:42,860][gateway.py:189] 交易委托失败，代码：31，信息：CTP:资金不足
ERROR  [2020-03-29 10:00:43,401][gateway.py:189] 交易委托失败，代码：31，信息：CTP:资金不足
ERROR  [2020-03-29 10:00:43,933][gateway.py:189] 交易委托失败，代码：31，信息：CTP:资金不足
ERROR  [2020-03-29 10:00:44,466][gateway.py:189] 交易委托失败，代码：31，信息：CTP:资金不足
ERROR  [2020-03-29 10:00:45,003][gateway.py:189] 交易委托失败，代码：31，信息：CTP:资金不足
ERROR  [2020-03-29 10:00:45,534][gateway.py:189] 交易委托失败，代码：31，信息：CTP:资金不足
ERROR  [2020-03-29 10:00:46,067][gateway.py:189] 交易委托失败，代码：31，信息：CTP:资金不足
ERROR  [2020-03-29 10:00:46,607][gateway.py:189] 交易委托失败，代码：31，信息：CTP:资金不足
ERROR  [2020-03-29 10:00:47,142][gateway.py:189] 交易委托失败，代码：31，信息：CTP:资金不足
ERROR  [2020-03-29 10:00:47,678][gateway.py:189] 交易委托失败，代码：31，信息：CTP:资金不足
ERROR  [2020-03-29 10:00:48,210][gateway.py:189] 交易委托失败，代码：31，信息：CTP:资金不足
ERROR  [2020-03-29 10:00:48,746][gateway.py:189] 交易委托失败，代码：31，信息：CTP:资金不足
ERROR  [2020-03-29 10:00:49,282][gateway.py:189] 交易委托失败，代码：31，信息：CTP:资金不足
ERROR  [2020-03-29 10:00:49,813][gateway.py:189] 交易委托失败，代码：31，信息：CTP:资金不足
ERROR  [2020-03-29 10:00:50,344][gateway.py:189] 交易委托失败，代码：31，信息：CTP:资金不足
ERROR  [2020-03-29 10:00:50,883][gateway.py:189] 交易委托失败，代码：31，信息：CTP:资金不足
ERROR  [2020-03-29 10:00:51,419][gateway.py:189] 交易委托失败，代码：31，信息：CTP:资金不足
ERROR  [2020-03-29 10:00:51,956][gateway.py:189] 交易委托失败，代码：31，信息：CTP:资金不足
ERROR  [2020-03-29 10:00:52,485][gateway.py:189] 交易委托失败，代码：31，信息：CTP:资金不足
ERROR  [2020-03-29 10:00:53,017][gateway.py:189] 交易委托失败，代码：31，信息：CTP:资金不足
ERROR  [2020-03-29 10:00:53,552][gateway.py:189] 交易委托失败，代码：31，信息：CTP:资金不足
ERROR  [2020-03-29 10:00:54,087][gateway.py:189] 交易委托失败，代码：31，信息：CTP:资金不足
ERROR  [2020-03-29 10:00:54,622][gateway.py:189] 交易委托失败，代码：31，信息：CTP:资金不足
ERROR  [2020-03-29 10:00:55,156][gateway.py:189] 交易委托失败，代码：31，信息：CTP:资金不足
ERROR  [2020-03-29 10:00:55,689][gateway.py:189] 交易委托失败，代码：31，信息：CTP:资金不足
ERROR  [2020-03-29 10:00:56,231][gateway.py:189] 交易委托失败，代码：31，信息：CTP:资金不足
ERROR  [2020-03-29 10:00:56,762][gateway.py:189] 交易委托失败，代码：31，信息：CTP:资金不足
ERROR  [2020-03-29 10:00:57,298][gateway.py:189] 交易委托失败，代码：31，信息：CTP:资金不足
ERROR  [2020-03-29 10:00:57,829][gateway.py:189] 交易委托失败，代码：31，信息：CTP:资金不足
ERROR  [2020-03-29 10:00:58,362][gateway.py:189] 交易委托失败，代码：31，信息：CTP:资金不足
ERROR  [2020-03-29 10:00:58,899][gateway.py:189] 交易委托失败，代码：31，信息：CTP:资金不足
ERROR  [2020-03-29 10:00:59,431][gateway.py:189] 交易委托失败，代码：31，信息：CTP:资金不足
ERROR  [2020-03-29 10:00:59,970][gateway.py:189] 交易委托失败，代码：31，信息：CTP:资金不足
INFO  [2020-03-29 10:01:00,421][gateway.py:189] tdx check point. 2020-03-29 10:01:00.421762, process symbols:{'IL9'}
ERROR  [2020-03-29 10:01:00,507][gateway.py:189] 交易委托失败，代码：31，信息：CTP:资金不足
ERROR  [2020-03-29 10:01:01,038][gateway.py:189] 交易委托失败，代码：31，信息：CTP:资金不足
ERROR  [2020-03-29 10:01:01,574][gateway.py:189] 交易委托失败，代码：31，信息：CTP:资金不足
ERROR  [2020-03-29 10:01:02,345][gateway.py:189] 交易委托失败，代码：31，信息：CTP:资金不足
ERROR  [2020-03-29 10:01:02,648][gateway.py:189] 交易委托失败，代码：31，信息：CTP:资金不足
ERROR  [2020-03-29 10:01:03,179][gateway.py:189] 交易委托失败，代码：31，信息：CTP:资金不足
ERROR  [2020-03-29 10:01:03,717][gateway.py:189] 交易委托失败，代码：31，信息：CTP:资金不足
ERROR  [2020-03-29 10:01:04,251][gateway.py:189] 交易委托失败，代码：31，信息：CTP:资金不足
ERROR  [2020-03-29 10:01:04,786][gateway.py:189] 交易委托失败，代码：31，信息：CTP:资金不足
ERROR  [2020-03-29 10:01:05,319][gateway.py:189] 交易委托失败，代码：31，信息：CTP:资金不足
ERROR  [2020-03-29 10:01:05,851][gateway.py:189] 交易委托失败，代码：31，信息：CTP:资金不足
ERROR  [2020-03-29 10:01:06,387][gateway.py:189] 交易委托失败，代码：31，信息：CTP:资金不足
ERROR  [2020-03-29 10:01:06,923][gateway.py:189] 交易委托失败，代码：31，信息：CTP:资金不足
ERROR  [2020-03-29 10:01:07,460][gateway.py:189] 交易委托失败，代码：31，信息：CTP:资金不足
ERROR  [2020-03-29 10:01:07,990][gateway.py:189] 交易委托失败，代码：31，信息：CTP:资金不足
ERROR  [2020-03-29 10:01:08,525][gateway.py:189] 交易委托失败，代码：31，信息：CTP:资金不足
ERROR  [2020-03-29 10:01:09,061][gateway.py:189] 交易委托失败，代码：31，信息：CTP:资金不足
ERROR  [2020-03-29 10:01:09,593][gateway.py:189] 交易委托失败，代码：31，信息：CTP:资金不足
ERROR  [2020-03-29 10:01:10,125][gateway.py:189] 交易委托失败，代码：31，信息：CTP:资金不足
ERROR  [2020-03-29 10:01:10,662][gateway.py:189] 交易委托失败，代码：31，信息：CTP:资金不足
ERROR  [2020-03-29 10:01:11,191][gateway.py:189] 交易委托失败，代码：31，信息：CTP:资金不足
ERROR  [2020-03-29 10:01:11,731][gateway.py:189] 交易委托失败，代码：31，信息：CTP:资金不足
ERROR  [2020-03-29 10:01:12,310][gateway.py:189] 交易委托失败，代码：31，信息：CTP:资金不足
ERROR  [2020-03-29 10:01:12,798][gateway.py:189] 交易委托失败，代码：31，信息：CTP:资金不足
ERROR  [2020-03-29 10:01:13,332][gateway.py:189] 交易委托失败，代码：31，信息：CTP:资金不足
ERROR  [2020-03-29 10:01:13,865][gateway.py:189] 交易委托失败，代码：31，信息：CTP:资金不足
ERROR  [2020-03-29 10:01:14,401][gateway.py:189] 交易委托失败，代码：31，信息：CTP:资金不足
ERROR  [2020-03-29 10:01:14,932][gateway.py:189] 交易委托失败，代码：31，信息：CTP:资金不足
ERROR  [2020-03-29 10:01:15,465][gateway.py:189] 交易委托失败，代码：31，信息：CTP:资金不足
ERROR  [2020-03-29 10:01:15,999][gateway.py:189] 交易委托失败，代码：31，信息：CTP:资金不足
ERROR  [2020-03-29 10:01:16,531][gateway.py:189] 交易委托失败，代码：31，信息：CTP:资金不足
ERROR  [2020-03-29 10:01:17,065][gateway.py:189] 交易委托失败，代码：31，信息：CTP:资金不足
ERROR  [2020-03-29 10:01:17,602][gateway.py:189] 交易委托失败，代码：31，信息：CTP:资金不足
ERROR  [2020-03-29 10:01:18,133][gateway.py:189] 交易委托失败，代码：31，信息：CTP:资金不足
ERROR  [2020-03-29 10:01:18,668][gateway.py:189] 交易委托失败，代码：31，信息：CTP:资金不足
ERROR  [2020-03-29 10:01:19,203][gateway.py:189] 交易委托失败，代码：31，信息：CTP:资金不足
ERROR  [2020-03-29 10:01:19,735][gateway.py:189] 交易委托失败，代码：31，信息：CTP:资金不足
ERROR  [2020-03-29 10:01:20,268][gateway.py:189] 交易委托失败，代码：31，信息：CTP:资金不足
ERROR  [2020-03-29 10:01:20,806][gateway.py:189] 交易委托失败，代码：31，信息：CTP:资金不足
ERROR  [2020-03-29 10:01:21,341][gateway.py:189] 交易委托失败，代码：31，信息：CTP:资金不足
ERROR  [2020-03-29 10:01:21,873][gateway.py:189] 交易委托失败，代码：31，信息：CTP:资金不足
ERROR  [2020-03-29 10:01:22,406][gateway.py:189] 交易委托失败，代码：31，信息：CTP:资金不足
ERROR  [2020-03-29 10:01:22,940][gateway.py:189] 交易委托失败，代码：31，信息：CTP:资金不足
ERROR  [2020-03-29 10:01:23,474][gateway.py:189] 交易委托失败，代码：31，信息：CTP:资金不足
ERROR  [2020-03-29 10:01:24,012][gateway.py:189] 交易委托失败，代码：31，信息：CTP:资金不足
ERROR  [2020-03-29 10:01:24,544][gateway.py:189] 交易委托失败，代码：31，信息：CTP:资金不足
ERROR  [2020-03-29 10:01:25,081][gateway.py:189] 交易委托失败，代码：31，信息：CTP:资金不足
ERROR  [2020-03-29 10:01:25,612][gateway.py:189] 交易委托失败，代码：31，信息：CTP:资金不足
ERROR  [2020-03-29 10:01:26,145][gateway.py:189] 交易委托失败，代码：31，信息：CTP:资金不足
ERROR  [2020-03-29 10:01:26,679][gateway.py:189] 交易委托失败，代码：31，信息：CTP:资金不足
ERROR  [2020-03-29 10:01:27,211][gateway.py:189] 交易委托失败，代码：31，信息：CTP:资金不足
ERROR  [2020-03-29 10:01:27,745][gateway.py:189] 交易委托失败，代码：31，信息：CTP:资金不足
ERROR  [2020-03-29 10:01:28,283][gateway.py:189] 交易委托失败，代码：31，信息：CTP:资金不足
ERROR  [2020-03-29 10:01:28,816][gateway.py:189] 交易委托失败，代码：31，信息：CTP:资金不足
ERROR  [2020-03-29 10:01:29,349][gateway.py:189] 交易委托失败，代码：31，信息：CTP:资金不足
ERROR  [2020-03-29 10:01:29,881][gateway.py:189] 交易委托失败，代码：31，信息：CTP:资金不足
ERROR  [2020-03-29 10:01:30,421][gateway.py:189] 交易委托失败，代码：31，信息：CTP:资金不足
ERROR  [2020-03-29 10:01:30,953][gateway.py:189] 交易委托失败，代码：31，信息：CTP:资金不足
ERROR  [2020-03-29 10:01:31,489][gateway.py:189] 交易委托失败，代码：31，信息：CTP:资金不足
ERROR  [2020-03-29 10:01:32,019][gateway.py:189] 交易委托失败，代码：31，信息：CTP:资金不足
ERROR  [2020-03-29 10:01:32,552][gateway.py:189] 交易委托失败，代码：31，信息：CTP:资金不足
ERROR  [2020-03-29 10:01:33,087][gateway.py:189] 交易委托失败，代码：31，信息：CTP:资金不足
ERROR  [2020-03-29 10:01:33,620][gateway.py:189] 交易委托失败，代码：31，信息：CTP:资金不足
ERROR  [2020-03-29 10:01:34,159][gateway.py:189] 交易委托失败，代码：31，信息：CTP:资金不足
ERROR  [2020-03-29 10:01:34,689][gateway.py:189] 交易委托失败，代码：31，信息：CTP:资金不足
ERROR  [2020-03-29 10:01:35,225][gateway.py:189] 交易委托失败，代码：31，信息：CTP:资金不足
ERROR  [2020-03-29 10:01:35,758][gateway.py:189] 交易委托失败，代码：31，信息：CTP:资金不足
ERROR  [2020-03-29 10:01:36,291][gateway.py:189] 交易委托失败，代码：31，信息：CTP:资金不足
ERROR  [2020-03-29 10:01:36,825][gateway.py:189] 交易委托失败，代码：31，信息：CTP:资金不足
ERROR  [2020-03-29 10:01:37,363][gateway.py:189] 交易委托失败，代码：31，信息：CTP:资金不足
ERROR  [2020-03-29 10:01:37,893][gateway.py:189] 交易委托失败，代码：31，信息：CTP:资金不足
ERROR  [2020-03-29 10:01:38,433][gateway.py:189] 交易委托失败，代码：31，信息：CTP:资金不足
ERROR  [2020-03-29 10:01:38,967][gateway.py:189] 交易委托失败，代码：31，信息：CTP:资金不足
ERROR  [2020-03-29 10:01:39,507][gateway.py:189] 交易委托失败，代码：31，信息：CTP:资金不足
ERROR  [2020-03-29 10:01:40,033][gateway.py:189] 交易委托失败，代码：31，信息：CTP:资金不足
ERROR  [2020-03-29 10:01:40,566][gateway.py:189] 交易委托失败，代码：31，信息：CTP:资金不足
ERROR  [2020-03-29 10:01:41,101][gateway.py:189] 交易委托失败，代码：31，信息：CTP:资金不足
ERROR  [2020-03-29 10:01:41,635][gateway.py:189] 交易委托失败，代码：31，信息：CTP:资金不足
ERROR  [2020-03-29 10:01:42,166][gateway.py:189] 交易委托失败，代码：31，信息：CTP:资金不足
ERROR  [2020-03-29 10:01:42,701][gateway.py:189] 交易委托失败，代码：31，信息：CTP:资金不足
ERROR  [2020-03-29 10:01:43,234][gateway.py:189] 交易委托失败，代码：31，信息：CTP:资金不足
ERROR  [2020-03-29 10:01:43,768][gateway.py:189] 交易委托失败，代码：31，信息：CTP:资金不足
ERROR  [2020-03-29 10:01:44,303][gateway.py:189] 交易委托失败，代码：31，信息：CTP:资金不足
ERROR  [2020-03-29 10:01:44,840][gateway.py:189] 交易委托失败，代码：31，信息：CTP:资金不足
ERROR  [2020-03-29 10:01:45,371][gateway.py:189] 交易委托失败，代码：31，信息：CTP:资金不足
ERROR  [2020-03-29 10:01:45,904][gateway.py:189] 交易委托失败，代码：31，信息：CTP:资金不足
ERROR  [2020-03-29 10:01:46,440][gateway.py:189] 交易委托失败，代码：31，信息：CTP:资金不足
ERROR  [2020-03-29 10:01:46,973][gateway.py:189] 交易委托失败，代码：31，信息：CTP:资金不足
ERROR  [2020-03-29 10:01:47,507][gateway.py:189] 交易委托失败，代码：31，信息：CTP:资金不足
ERROR  [2020-03-29 10:01:48,034][gateway.py:189] 交易委托失败，代码：31，信息：CTP:资金不足
ERROR  [2020-03-29 10:01:48,574][gateway.py:189] 交易委托失败，代码：31，信息：CTP:资金不足
ERROR  [2020-03-29 10:01:49,108][gateway.py:189] 交易委托失败，代码：31，信息：CTP:资金不足
ERROR  [2020-03-29 10:01:49,642][gateway.py:189] 交易委托失败，代码：31，信息：CTP:资金不足
ERROR  [2020-03-29 10:01:50,177][gateway.py:189] 交易委托失败，代码：31，信息：CTP:资金不足
ERROR  [2020-03-29 10:01:50,714][gateway.py:189] 交易委托失败，代码：31，信息：CTP:资金不足
ERROR  [2020-03-29 10:01:51,248][gateway.py:189] 交易委托失败，代码：31，信息：CTP:资金不足
ERROR  [2020-03-29 10:01:51,782][gateway.py:189] 交易委托失败，代码：31，信息：CTP:资金不足
ERROR  [2020-03-29 10:01:52,319][gateway.py:189] 交易委托失败，代码：31，信息：CTP:资金不足
ERROR  [2020-03-29 10:01:52,851][gateway.py:189] 交易委托失败，代码：31，信息：CTP:资金不足
ERROR  [2020-03-29 10:01:53,391][gateway.py:189] 交易委托失败，代码：31，信息：CTP:资金不足
ERROR  [2020-03-29 10:01:53,921][gateway.py:189] 交易委托失败，代码：31，信息：CTP:资金不足
ERROR  [2020-03-29 10:01:54,454][gateway.py:189] 交易委托失败，代码：31，信息：CTP:资金不足
ERROR  [2020-03-29 10:01:54,992][gateway.py:189] 交易委托失败，代码：31，信息：CTP:资金不足
ERROR  [2020-03-29 10:01:55,527][gateway.py:189] 交易委托失败，代码：31，信息：CTP:资金不足
ERROR  [2020-03-29 10:01:56,059][gateway.py:189] 交易委托失败，代码：31，信息：CTP:资金不足
ERROR  [2020-03-29 10:01:56,592][gateway.py:189] 交易委托失败，代码：31，信息：CTP:资金不足
ERROR  [2020-03-29 10:01:57,130][gateway.py:189] 交易委托失败，代码：31，信息：CTP:资金不足
ERROR  [2020-03-29 10:01:57,663][gateway.py:189] 交易委托失败，代码：31，信息：CTP:资金不足
ERROR  [2020-03-29 10:01:58,198][gateway.py:189] 交易委托失败，代码：31，信息：CTP:资金不足
ERROR  [2020-03-29 10:01:58,732][gateway.py:189] 交易委托失败，代码：31，信息：CTP:资金不足
ERROR  [2020-03-29 10:01:59,272][gateway.py:189] 交易委托失败，代码：31，信息：CTP:资金不足
ERROR  [2020-03-29 10:01:59,799][gateway.py:189] 交易委托失败，代码：31，信息：CTP:资金不足
INFO  [2020-03-29 10:02:00,255][gateway.py:189] tdx check point. 2020-03-29 10:02:00.255157, process symbols:{'IL9'}
ERROR  [2020-03-29 10:02:00,336][gateway.py:189] 交易委托失败，代码：31，信息：CTP:资金不足
ERROR  [2020-03-29 10:02:00,866][gateway.py:189] 交易委托失败，代码：31，信息：CTP:资金不足
ERROR  [2020-03-29 10:02:01,403][gateway.py:189] 交易委托失败，代码：31，信息：CTP:资金不足
ERROR  [2020-03-29 10:02:01,936][gateway.py:189] 交易委托失败，代码：31，信息：CTP:资金不足
ERROR  [2020-03-29 10:02:02,467][gateway.py:189] 交易委托失败，代码：31，信息：CTP:资金不足
ERROR  [2020-03-29 10:02:03,003][gateway.py:189] 交易委托失败，代码：31，信息：CTP:资金不足
ERROR  [2020-03-29 10:02:03,539][gateway.py:189] 交易委托失败，代码：31，信息：CTP:资金不足
ERROR  [2020-03-29 10:02:04,071][gateway.py:189] 交易委托失败，代码：31，信息：CTP:资金不足
ERROR  [2020-03-29 10:02:04,604][gateway.py:189] 交易委托失败，代码：31，信息：CTP:资金不足
ERROR  [2020-03-29 10:02:05,137][gateway.py:189] 交易委托失败，代码：31，信息：CTP:资金不足
ERROR  [2020-03-29 10:02:05,676][gateway.py:189] 交易委托失败，代码：31，信息：CTP:资金不足
ERROR  [2020-03-29 10:02:06,207][gateway.py:189] 交易委托失败，代码：31，信息：CTP:资金不足
ERROR  [2020-03-29 10:02:06,742][gateway.py:189] 交易委托失败，代码：31，信息：CTP:资金不足
ERROR  [2020-03-29 10:02:07,273][gateway.py:189] 交易委托失败，代码：31，信息：CTP:资金不足
ERROR  [2020-03-29 10:02:07,806][gateway.py:189] 交易委托失败，代码：31，信息：CTP:资金不足
ERROR  [2020-03-29 10:02:08,335][gateway.py:189] 交易委托失败，代码：31，信息：CTP:资金不足
ERROR  [2020-03-29 10:02:08,871][gateway.py:189] 交易委托失败，代码：31，信息：CTP:资金不足
ERROR  [2020-03-29 10:02:09,406][gateway.py:189] 交易委托失败，代码：31，信息：CTP:资金不足
ERROR  [2020-03-29 10:02:09,937][gateway.py:189] 交易委托失败，代码：31，信息：CTP:资金不足
ERROR  [2020-03-29 10:02:10,472][gateway.py:189] 交易委托失败，代码：31，信息：CTP:资金不足
ERROR  [2020-03-29 10:02:11,002][gateway.py:189] 交易委托失败，代码：31，信息：CTP:资金不足
ERROR  [2020-03-29 10:02:11,539][gateway.py:189] 交易委托失败，代码：31，信息：CTP:资金不足
ERROR  [2020-03-29 10:02:12,073][gateway.py:189] 交易委托失败，代码：31，信息：CTP:资金不足
ERROR  [2020-03-29 10:02:12,609][gateway.py:189] 交易委托失败，代码：31，信息：CTP:资金不足
ERROR  [2020-03-29 10:02:13,141][gateway.py:189] 交易委托失败，代码：31，信息：CTP:资金不足
ERROR  [2020-03-29 10:02:13,681][gateway.py:189] 交易委托失败，代码：31，信息：CTP:资金不足
ERROR  [2020-03-29 10:02:14,212][gateway.py:189] 交易委托失败，代码：31，信息：CTP:资金不足
ERROR  [2020-03-29 10:02:14,742][gateway.py:189] 交易委托失败，代码：31，信息：CTP:资金不足
ERROR  [2020-03-29 10:02:15,277][gateway.py:189] 交易委托失败，代码：31，信息：CTP:资金不足
ERROR  [2020-03-29 10:02:15,815][gateway.py:189] 交易委托失败，代码：31，信息：CTP:资金不足
ERROR  [2020-03-29 10:02:16,597][gateway.py:189] 交易委托失败，代码：31，信息：CTP:资金不足
ERROR  [2020-03-29 10:02:16,891][gateway.py:189] 交易委托失败，代码：31，信息：CTP:资金不足
ERROR  [2020-03-29 10:02:17,424][gateway.py:189] 交易委托失败，代码：31，信息：CTP:资金不足
ERROR  [2020-03-29 10:02:17,959][gateway.py:189] 交易委托失败，代码：31，信息：CTP:资金不足
ERROR  [2020-03-29 10:02:18,487][gateway.py:189] 交易委托失败，代码：31，信息：CTP:资金不足
ERROR  [2020-03-29 10:02:19,028][gateway.py:189] 交易委托失败，代码：31，信息：CTP:资金不足
ERROR  [2020-03-29 10:02:19,562][gateway.py:189] 交易委托失败，代码：31，信息：CTP:资金不足
ERROR  [2020-03-29 10:02:20,091][gateway.py:189] 交易委托失败，代码：31，信息：CTP:资金不足
ERROR  [2020-03-29 10:02:20,623][gateway.py:189] 交易委托失败，代码：31，信息：CTP:资金不足
ERROR  [2020-03-29 10:02:21,159][gateway.py:189] 交易委托失败，代码：31，信息：CTP:资金不足
ERROR  [2020-03-29 10:02:21,692][gateway.py:189] 交易委托失败，代码：31，信息：CTP:资金不足
ERROR  [2020-03-29 10:02:22,226][gateway.py:189] 交易委托失败，代码：31，信息：CTP:资金不足
ERROR  [2020-03-29 10:02:22,757][gateway.py:189] 交易委托失败，代码：31，信息：CTP:资金不足
ERROR  [2020-03-29 10:02:23,294][gateway.py:189] 交易委托失败，代码：31，信息：CTP:资金不足
ERROR  [2020-03-29 10:02:23,826][gateway.py:189] 交易委托失败，代码：31，信息：CTP:资金不足
ERROR  [2020-03-29 10:02:24,361][gateway.py:189] 交易委托失败，代码：31，信息：CTP:资金不足
ERROR  [2020-03-29 10:02:24,892][gateway.py:189] 交易委托失败，代码：31，信息：CTP:资金不足
ERROR  [2020-03-29 10:02:25,425][gateway.py:189] 交易委托失败，代码：31，信息：CTP:资金不足
ERROR  [2020-03-29 10:02:25,959][gateway.py:189] 交易委托失败，代码：31，信息：CTP:资金不足
ERROR  [2020-03-29 10:02:26,494][gateway.py:189] 交易委托失败，代码：31，信息：CTP:资金不足
ERROR  [2020-03-29 10:02:27,030][gateway.py:189] 交易委托失败，代码：31，信息：CTP:资金不足
ERROR  [2020-03-29 10:02:27,567][gateway.py:189] 交易委托失败，代码：31，信息：CTP:资金不足
ERROR  [2020-03-29 10:02:28,098][gateway.py:189] 交易委托失败，代码：31，信息：CTP:资金不足
ERROR  [2020-03-29 10:02:28,632][gateway.py:189] 交易委托失败，代码：31，信息：CTP:资金不足
ERROR  [2020-03-29 10:02:29,165][gateway.py:189] 交易委托失败，代码：31，信息：CTP:资金不足
ERROR  [2020-03-29 10:02:29,698][gateway.py:189] 交易委托失败，代码：31，信息：CTP:资金不足
ERROR  [2020-03-29 10:02:30,236][gateway.py:189] 交易委托失败，代码：31，信息：CTP:资金不足
ERROR  [2020-03-29 10:02:30,768][gateway.py:189] 交易委托失败，代码：31，信息：CTP:资金不足
ERROR  [2020-03-29 10:02:31,302][gateway.py:189] 交易委托失败，代码：31，信息：CTP:资金不足
ERROR  [2020-03-29 10:02:31,834][gateway.py:189] 交易委托失败，代码：31，信息：CTP:资金不足
ERROR  [2020-03-29 10:02:32,373][gateway.py:189] 交易委托失败，代码：31，信息：CTP:资金不足
ERROR  [2020-03-29 10:02:32,906][gateway.py:189] 交易委托失败，代码：31，信息：CTP:资金不足
ERROR  [2020-03-29 10:02:33,445][gateway.py:189] 交易委托失败，代码：31，信息：CTP:资金不足
ERROR  [2020-03-29 10:02:33,977][gateway.py:189] 交易委托失败，代码：31，信息：CTP:资金不足
ERROR  [2020-03-29 10:02:34,510][gateway.py:189] 交易委托失败，代码：31，信息：CTP:资金不足
ERROR  [2020-03-29 10:02:35,044][gateway.py:189] 交易委托失败，代码：31，信息：CTP:资金不足
ERROR  [2020-03-29 10:02:35,580][gateway.py:189] 交易委托失败，代码：31，信息：CTP:资金不足
ERROR  [2020-03-29 10:02:36,113][gateway.py:189] 交易委托失败，代码：31，信息：CTP:资金不足
ERROR  [2020-03-29 10:02:36,644][gateway.py:189] 交易委托失败，代码：31，信息：CTP:资金不足
ERROR  [2020-03-29 10:02:37,185][gateway.py:189] 交易委托失败，代码：31，信息：CTP:资金不足
ERROR  [2020-03-29 10:02:37,721][gateway.py:189] 交易委托失败，代码：31，信息：CTP:资金不足
ERROR  [2020-03-29 10:02:38,252][gateway.py:189] 交易委托失败，代码：31，信息：CTP:资金不足
ERROR  [2020-03-29 10:02:38,794][gateway.py:189] 交易委托失败，代码：31，信息：CTP:资金不足
ERROR  [2020-03-29 10:02:39,330][gateway.py:189] 交易委托失败，代码：31，信息：CTP:资金不足
ERROR  [2020-03-29 10:02:39,858][gateway.py:189] 交易委托失败，代码：31，信息：CTP:资金不足
ERROR  [2020-03-29 10:02:40,436][gateway.py:189] 交易委托失败，代码：31，信息：CTP:资金不足
ERROR  [2020-03-29 10:02:40,939][gateway.py:189] 交易委托失败，代码：31，信息：CTP:资金不足
ERROR  [2020-03-29 10:02:41,470][gateway.py:189] 交易委托失败，代码：31，信息：CTP:资金不足
ERROR  [2020-03-29 10:02:42,001][gateway.py:189] 交易委托失败，代码：31，信息：CTP:资金不足
ERROR  [2020-03-29 10:02:42,538][gateway.py:189] 交易委托失败，代码：31，信息：CTP:资金不足
ERROR  [2020-03-29 10:02:43,079][gateway.py:189] 交易委托失败，代码：31，信息：CTP:资金不足
ERROR  [2020-03-29 10:02:43,606][gateway.py:189] 交易委托失败，代码：31，信息：CTP:资金不足
ERROR  [2020-03-29 10:02:44,143][gateway.py:189] 交易委托失败，代码：31，信息：CTP:资金不足
ERROR  [2020-03-29 10:02:44,674][gateway.py:189] 交易委托失败，代码：31，信息：CTP:资金不足
ERROR  [2020-03-29 10:02:45,207][gateway.py:189] 交易委托失败，代码：31，信息：CTP:资金不足
ERROR  [2020-03-29 10:02:45,745][gateway.py:189] 交易委托失败，代码：31，信息：CTP:资金不足
ERROR  [2020-03-29 10:02:46,276][gateway.py:189] 交易委托失败，代码：31，信息：CTP:资金不足
ERROR  [2020-03-29 10:02:46,815][gateway.py:189] 交易委托失败，代码：31，信息：CTP:资金不足
ERROR  [2020-03-29 10:02:47,581][gateway.py:189] 交易委托失败，代码：31，信息：CTP:资金不足
ERROR  [2020-03-29 10:02:47,882][gateway.py:189] 交易委托失败，代码：31，信息：CTP:资金不足
ERROR  [2020-03-29 10:02:48,418][gateway.py:189] 交易委托失败，代码：31，信息：CTP:资金不足
ERROR  [2020-03-29 10:02:48,955][gateway.py:189] 交易委托失败，代码：31，信息：CTP:资金不足
ERROR  [2020-03-29 10:02:49,490][gateway.py:189] 交易委托失败，代码：31，信息：CTP:资金不足
ERROR  [2020-03-29 10:02:50,019][gateway.py:189] 交易委托失败，代码：31，信息：CTP:资金不足
ERROR  [2020-03-29 10:02:50,558][gateway.py:189] 交易委托失败，代码：31，信息：CTP:资金不足
ERROR  [2020-03-29 10:02:51,089][gateway.py:189] 交易委托失败，代码：31，信息：CTP:资金不足
ERROR  [2020-03-29 10:02:51,626][gateway.py:189] 交易委托失败，代码：31，信息：CTP:资金不足
ERROR  [2020-03-29 10:02:52,157][gateway.py:189] 交易委托失败，代码：31，信息：CTP:资金不足
ERROR  [2020-03-29 10:02:52,695][gateway.py:189] 交易委托失败，代码：31，信息：CTP:资金不足
ERROR  [2020-03-29 10:02:53,228][gateway.py:189] 交易委托失败，代码：31，信息：CTP:资金不足
ERROR  [2020-03-29 10:02:53,763][gateway.py:189] 交易委托失败，代码：31，信息：CTP:资金不足
ERROR  [2020-03-29 10:02:54,297][gateway.py:189] 交易委托失败，代码：31，信息：CTP:资金不足
ERROR  [2020-03-29 10:02:54,829][gateway.py:189] 交易委托失败，代码：31，信息：CTP:资金不足
ERROR  [2020-03-29 10:02:55,378][gateway.py:189] 交易委托失败，代码：31，信息：CTP:资金不足
ERROR  [2020-03-29 10:02:55,907][gateway.py:189] 交易委托失败，代码：31，信息：CTP:资金不足
ERROR  [2020-03-29 10:02:56,446][gateway.py:189] 交易委托失败，代码：31，信息：CTP:资金不足
ERROR  [2020-03-29 10:02:56,984][gateway.py:189] 交易委托失败，代码：31，信息：CTP:资金不足
ERROR  [2020-03-29 10:02:57,521][gateway.py:189] 交易委托失败，代码：31，信息：CTP:资金不足
ERROR  [2020-03-29 10:02:58,051][gateway.py:189] 交易委托失败，代码：31，信息：CTP:资金不足
ERROR  [2020-03-29 10:02:58,589][gateway.py:189] 交易委托失败，代码：31，信息：CTP:资金不足
ERROR  [2020-03-29 10:02:59,122][gateway.py:189] 交易委托失败，代码：31，信息：CTP:资金不足
ERROR  [2020-03-29 10:02:59,654][gateway.py:189] 交易委托失败，代码：31，信息：CTP:资金不足
INFO  [2020-03-29 10:03:00,107][gateway.py:189] tdx check point. 2020-03-29 10:03:00.107389, process symbols:{'IL9'}
ERROR  [2020-03-29 10:03:00,195][gateway.py:189] 交易委托失败，代码：31，信息：CTP:资金不足
ERROR  [2020-03-29 10:03:00,958][gateway.py:189] 交易委托失败，代码：31，信息：CTP:资金不足
ERROR  [2020-03-29 10:03:01,255][gateway.py:189] 交易委托失败，代码：31，信息：CTP:资金不足
ERROR  [2020-03-29 10:03:01,791][gateway.py:189] 交易委托失败，代码：31，信息：CTP:资金不足
ERROR  [2020-03-29 10:03:02,323][gateway.py:189] 交易委托失败，代码：31，信息：CTP:资金不足
ERROR  [2020-03-29 10:03:02,857][gateway.py:189] 交易委托失败，代码：31，信息：CTP:资金不足
ERROR  [2020-03-29 10:03:03,391][gateway.py:189] 交易委托失败，代码：31，信息：CTP:资金不足
ERROR  [2020-03-29 10:03:03,927][gateway.py:189] 交易委托失败，代码：31，信息：CTP:资金不足
ERROR  [2020-03-29 10:03:04,462][gateway.py:189] 交易委托失败，代码：31，信息：CTP:资金不足
ERROR  [2020-03-29 10:03:04,994][gateway.py:189] 交易委托失败，代码：31，信息：CTP:资金不足
ERROR  [2020-03-29 10:03:05,530][gateway.py:189] 交易委托失败，代码：31，信息：CTP:资金不足
ERROR  [2020-03-29 10:03:06,064][gateway.py:189] 交易委托失败，代码：31，信息：CTP:资金不足
ERROR  [2020-03-29 10:03:06,597][gateway.py:189] 交易委托失败，代码：31，信息：CTP:资金不足
ERROR  [2020-03-29 10:03:07,132][gateway.py:189] 交易委托失败，代码：31，信息：CTP:资金不足
ERROR  [2020-03-29 10:03:07,668][gateway.py:189] 交易委托失败，代码：31，信息：CTP:资金不足
ERROR  [2020-03-29 10:03:08,199][gateway.py:189] 交易委托失败，代码：31，信息：CTP:资金不足
ERROR  [2020-03-29 10:03:08,731][gateway.py:189] 交易委托失败，代码：31，信息：CTP:资金不足
ERROR  [2020-03-29 10:03:09,269][gateway.py:189] 交易委托失败，代码：31，信息：CTP:资金不足
ERROR  [2020-03-29 10:03:09,798][gateway.py:189] 交易委托失败，代码：31，信息：CTP:资金不足
ERROR  [2020-03-29 10:03:10,384][gateway.py:189] 交易委托失败，代码：31，信息：CTP:资金不足
ERROR  [2020-03-29 10:03:10,992][gateway.py:189] 交易委托失败，代码：31，信息：CTP:资金不足
ERROR  [2020-03-29 10:03:11,525][gateway.py:189] 交易委托失败，代码：31，信息：CTP:资金不足
ERROR  [2020-03-29 10:03:12,061][gateway.py:189] 交易委托失败，代码：31，信息：CTP:资金不足
ERROR  [2020-03-29 10:03:12,595][gateway.py:189] 交易委托失败，代码：31，信息：CTP:资金不足
ERROR  [2020-03-29 10:03:13,128][gateway.py:189] 交易委托失败，代码：31，信息：CTP:资金不足
ERROR  [2020-03-29 10:03:13,669][gateway.py:189] 交易委托失败，代码：31，信息：CTP:资金不足
ERROR  [2020-03-29 10:03:14,195][gateway.py:189] 交易委托失败，代码：31，信息：CTP:资金不足
ERROR  [2020-03-29 10:03:14,732][gateway.py:189] 交易委托失败，代码：31，信息：CTP:资金不足
ERROR  [2020-03-29 10:03:15,271][gateway.py:189] 交易委托失败，代码：31，信息：CTP:资金不足
ERROR  [2020-03-29 10:03:15,802][gateway.py:189] 交易委托失败，代码：31，信息：CTP:资金不足
ERROR  [2020-03-29 10:03:16,336][gateway.py:189] 交易委托失败，代码：31，信息：CTP:资金不足
ERROR  [2020-03-29 10:03:16,869][gateway.py:189] 交易委托失败，代码：31，信息：CTP:资金不足
ERROR  [2020-03-29 10:03:17,405][gateway.py:189] 交易委托失败，代码：31，信息：CTP:资金不足
ERROR  [2020-03-29 10:03:17,938][gateway.py:189] 交易委托失败，代码：31，信息：CTP:资金不足
ERROR  [2020-03-29 10:03:18,474][gateway.py:189] 交易委托失败，代码：31，信息：CTP:资金不足
ERROR  [2020-03-29 10:03:19,009][gateway.py:189] 交易委托失败，代码：31，信息：CTP:资金不足
ERROR  [2020-03-29 10:03:19,543][gateway.py:189] 交易委托失败，代码：31，信息：CTP:资金不足
ERROR  [2020-03-29 10:03:20,079][gateway.py:189] 交易委托失败，代码：31，信息：CTP:资金不足
ERROR  [2020-03-29 10:03:20,611][gateway.py:189] 交易委托失败，代码：31，信息：CTP:资金不足
ERROR  [2020-03-29 10:03:21,144][gateway.py:189] 交易委托失败，代码：31，信息：CTP:资金不足
ERROR  [2020-03-29 10:03:21,673][gateway.py:189] 交易委托失败，代码：31，信息：CTP:资金不足
ERROR  [2020-03-29 10:03:22,211][gateway.py:189] 交易委托失败，代码：31，信息：CTP:资金不足
ERROR  [2020-03-29 10:03:22,742][gateway.py:189] 交易委托失败，代码：31，信息：CTP:资金不足
ERROR  [2020-03-29 10:03:23,279][gateway.py:189] 交易委托失败，代码：31，信息：CTP:资金不足
ERROR  [2020-03-29 10:03:23,821][gateway.py:189] 交易委托失败，代码：31，信息：CTP:资金不足
ERROR  [2020-03-29 10:03:24,348][gateway.py:189] 交易委托失败，代码：31，信息：CTP:资金不足
ERROR  [2020-03-29 10:03:24,877][gateway.py:189] 交易委托失败，代码：31，信息：CTP:资金不足
ERROR  [2020-03-29 10:03:25,411][gateway.py:189] 交易委托失败，代码：31，信息：CTP:资金不足
ERROR  [2020-03-29 10:03:25,947][gateway.py:189] 交易委托失败，代码：31，信息：CTP:资金不足
ERROR  [2020-03-29 10:03:26,477][gateway.py:189] 交易委托失败，代码：31，信息：CTP:资金不足
ERROR  [2020-03-29 10:03:27,022][gateway.py:189] 交易委托失败，代码：31，信息：CTP:资金不足
ERROR  [2020-03-29 10:03:27,556][gateway.py:189] 交易委托失败，代码：31，信息：CTP:资金不足
ERROR  [2020-03-29 10:03:28,089][gateway.py:189] 交易委托失败，代码：31，信息：CTP:资金不足
ERROR  [2020-03-29 10:03:28,865][gateway.py:189] 交易委托失败，代码：31，信息：CTP:资金不足
ERROR  [2020-03-29 10:03:29,158][gateway.py:189] 交易委托失败，代码：31，信息：CTP:资金不足
ERROR  [2020-03-29 10:03:29,696][gateway.py:189] 交易委托失败，代码：31，信息：CTP:资金不足
ERROR  [2020-03-29 10:03:30,233][gateway.py:189] 交易委托失败，代码：31，信息：CTP:资金不足
ERROR  [2020-03-29 10:03:30,767][gateway.py:189] 交易委托失败，代码：31，信息：CTP:资金不足
ERROR  [2020-03-29 10:03:31,298][gateway.py:189] 交易委托失败，代码：31，信息：CTP:资金不足
ERROR  [2020-03-29 10:03:31,837][gateway.py:189] 交易委托失败，代码：31，信息：CTP:资金不足
ERROR  [2020-03-29 10:03:32,371][gateway.py:189] 交易委托失败，代码：31，信息：CTP:资金不足
ERROR  [2020-03-29 10:03:32,905][gateway.py:189] 交易委托失败，代码：31，信息：CTP:资金不足
ERROR  [2020-03-29 10:03:33,438][gateway.py:189] 交易委托失败，代码：31，信息：CTP:资金不足
ERROR  [2020-03-29 10:03:33,970][gateway.py:189] 交易委托失败，代码：31，信息：CTP:资金不足
ERROR  [2020-03-29 10:03:34,506][gateway.py:189] 交易委托失败，代码：31，信息：CTP:资金不足
ERROR  [2020-03-29 10:03:35,034][gateway.py:189] 交易委托失败，代码：31，信息：CTP:资金不足
ERROR  [2020-03-29 10:03:35,569][gateway.py:189] 交易委托失败，代码：31，信息：CTP:资金不足
ERROR  [2020-03-29 10:03:36,102][gateway.py:189] 交易委托失败，代码：31，信息：CTP:资金不足
ERROR  [2020-03-29 10:03:36,637][gateway.py:189] 交易委托失败，代码：31，信息：CTP:资金不足
ERROR  [2020-03-29 10:03:37,167][gateway.py:189] 交易委托失败，代码：31，信息：CTP:资金不足
ERROR  [2020-03-29 10:03:37,703][gateway.py:189] 交易委托失败，代码：31，信息：CTP:资金不足
ERROR  [2020-03-29 10:03:38,236][gateway.py:189] 交易委托失败，代码：31，信息：CTP:资金不足
ERROR  [2020-03-29 10:03:38,769][gateway.py:189] 交易委托失败，代码：31，信息：CTP:资金不足
ERROR  [2020-03-29 10:03:39,301][gateway.py:189] 交易委托失败，代码：31，信息：CTP:资金不足
ERROR  [2020-03-29 10:03:39,839][gateway.py:189] 交易委托失败，代码：31，信息：CTP:资金不足
ERROR  [2020-03-29 10:03:40,371][gateway.py:189] 交易委托失败，代码：31，信息：CTP:资金不足
ERROR  [2020-03-29 10:03:40,904][gateway.py:189] 交易委托失败，代码：31，信息：CTP:资金不足
ERROR  [2020-03-29 10:03:41,437][gateway.py:189] 交易委托失败，代码：31，信息：CTP:资金不足
ERROR  [2020-03-29 10:03:41,971][gateway.py:189] 交易委托失败，代码：31，信息：CTP:资金不足
ERROR  [2020-03-29 10:03:42,503][gateway.py:189] 交易委托失败，代码：31，信息：CTP:资金不足
ERROR  [2020-03-29 10:03:43,049][gateway.py:189] 交易委托失败，代码：31，信息：CTP:资金不足
ERROR  [2020-03-29 10:03:43,579][gateway.py:189] 交易委托失败，代码：31，信息：CTP:资金不足
ERROR  [2020-03-29 10:03:44,110][gateway.py:189] 交易委托失败，代码：31，信息：CTP:资金不足
ERROR  [2020-03-29 10:03:44,647][gateway.py:189] 交易委托失败，代码：31，信息：CTP:资金不足
ERROR  [2020-03-29 10:03:45,184][gateway.py:189] 交易委托失败，代码：31，信息：CTP:资金不足
ERROR  [2020-03-29 10:03:45,718][gateway.py:189] 交易委托失败，代码：31，信息：CTP:资金不足
ERROR  [2020-03-29 10:03:46,252][gateway.py:189] 交易委托失败，代码：31，信息：CTP:资金不足
ERROR  [2020-03-29 10:03:46,784][gateway.py:189] 交易委托失败，代码：31，信息：CTP:资金不足
ERROR  [2020-03-29 10:03:47,322][gateway.py:189] 交易委托失败，代码：31，信息：CTP:资金不足
ERROR  [2020-03-29 10:03:47,856][gateway.py:189] 交易委托失败，代码：31，信息：CTP:资金不足
ERROR  [2020-03-29 10:03:48,390][gateway.py:189] 交易委托失败，代码：31，信息：CTP:资金不足
ERROR  [2020-03-29 10:03:49,161][gateway.py:189] 交易委托失败，代码：31，信息：CTP:资金不足
ERROR  [2020-03-29 10:03:49,453][gateway.py:189] 交易委托失败，代码：31，信息：CTP:资金不足
ERROR  [2020-03-29 10:03:49,986][gateway.py:189] 交易委托失败，代码：31，信息：CTP:资金不足
ERROR  [2020-03-29 10:03:50,519][gateway.py:189] 交易委托失败，代码：31，信息：CTP:资金不足
ERROR  [2020-03-29 10:03:51,052][gateway.py:189] 交易委托失败，代码：31，信息：CTP:资金不足
ERROR  [2020-03-29 10:03:51,585][gateway.py:189] 交易委托失败，代码：31，信息：CTP:资金不足
ERROR  [2020-03-29 10:03:52,119][gateway.py:189] 交易委托失败，代码：31，信息：CTP:资金不足
ERROR  [2020-03-29 10:03:52,653][gateway.py:189] 交易委托失败，代码：31，信息：CTP:资金不足
ERROR  [2020-03-29 10:03:53,186][gateway.py:189] 交易委托失败，代码：31，信息：CTP:资金不足
ERROR  [2020-03-29 10:03:53,721][gateway.py:189] 交易委托失败，代码：31，信息：CTP:资金不足
ERROR  [2020-03-29 10:03:54,258][gateway.py:189] 交易委托失败，代码：31，信息：CTP:资金不足
ERROR  [2020-03-29 10:03:54,797][gateway.py:189] 交易委托失败，代码：31，信息：CTP:资金不足
ERROR  [2020-03-29 10:03:55,324][gateway.py:189] 交易委托失败，代码：31，信息：CTP:资金不足
ERROR  [2020-03-29 10:03:55,861][gateway.py:189] 交易委托失败，代码：31，信息：CTP:资金不足
ERROR  [2020-03-29 10:03:56,395][gateway.py:189] 交易委托失败，代码：31，信息：CTP:资金不足
ERROR  [2020-03-29 10:03:56,932][gateway.py:189] 交易委托失败，代码：31，信息：CTP:资金不足
ERROR  [2020-03-29 10:03:57,462][gateway.py:189] 交易委托失败，代码：31，信息：CTP:资金不足
ERROR  [2020-03-29 10:03:57,995][gateway.py:189] 交易委托失败，代码：31，信息：CTP:资金不足
ERROR  [2020-03-29 10:03:58,531][gateway.py:189] 交易委托失败，代码：31，信息：CTP:资金不足
ERROR  [2020-03-29 10:03:59,067][gateway.py:189] 交易委托失败，代码：31，信息：CTP:资金不足
ERROR  [2020-03-29 10:03:59,599][gateway.py:189] 交易委托失败，代码：31，信息：CTP:资金不足
INFO  [2020-03-29 10:04:00,053][gateway.py:189] tdx check point. 2020-03-29 10:04:00.053650, process symbols:{'IL9'}
ERROR  [2020-03-29 10:04:00,144][gateway.py:189] 交易委托失败，代码：31，信息：CTP:资金不足
ERROR  [2020-03-29 10:04:00,669][gateway.py:189] 交易委托失败，代码：31，信息：CTP:资金不足
ERROR  [2020-03-29 10:04:01,203][gateway.py:189] 交易委托失败，代码：31，信息：CTP:资金不足
ERROR  [2020-03-29 10:04:01,746][gateway.py:189] 交易委托失败，代码：31，信息：CTP:资金不足
ERROR  [2020-03-29 10:04:02,277][gateway.py:189] 交易委托失败，代码：31，信息：CTP:资金不足
ERROR  [2020-03-29 10:04:02,815][gateway.py:189] 交易委托失败，代码：31，信息：CTP:资金不足
ERROR  [2020-03-29 10:04:03,343][gateway.py:189] 交易委托失败，代码：31，信息：CTP:资金不足
ERROR  [2020-03-29 10:04:03,875][gateway.py:189] 交易委托失败，代码：31，信息：CTP:资金不足
ERROR  [2020-03-29 10:04:04,419][gateway.py:189] 交易委托失败，代码：31，信息：CTP:资金不足
ERROR  [2020-03-29 10:04:04,951][gateway.py:189] 交易委托失败，代码：31，信息：CTP:资金不足
ERROR  [2020-03-29 10:04:05,482][gateway.py:189] 交易委托失败，代码：31，信息：CTP:资金不足
ERROR  [2020-03-29 10:04:06,021][gateway.py:189] 交易委托失败，代码：31，信息：CTP:资金不足
ERROR  [2020-03-29 10:04:06,557][gateway.py:189] 交易委托失败，代码：31，信息：CTP:资金不足
ERROR  [2020-03-29 10:04:07,087][gateway.py:189] 交易委托失败，代码：31，信息：CTP:资金不足
ERROR  [2020-03-29 10:04:07,620][gateway.py:189] 交易委托失败，代码：31，信息：CTP:资金不足
ERROR  [2020-03-29 10:04:08,152][gateway.py:189] 交易委托失败，代码：31，信息：CTP:资金不足
ERROR  [2020-03-29 10:04:08,687][gateway.py:189] 交易委托失败，代码：31，信息：CTP:资金不足
ERROR  [2020-03-29 10:04:09,220][gateway.py:189] 交易委托失败，代码：31，信息：CTP:资金不足
ERROR  [2020-03-29 10:04:09,751][gateway.py:189] 交易委托失败，代码：31，信息：CTP:资金不足
ERROR  [2020-03-29 10:04:10,289][gateway.py:189] 交易委托失败，代码：31，信息：CTP:资金不足
ERROR  [2020-03-29 10:04:10,823][gateway.py:189] 交易委托失败，代码：31，信息：CTP:资金不足
ERROR  [2020-03-29 10:04:11,358][gateway.py:189] 交易委托失败，代码：31，信息：CTP:资金不足
ERROR  [2020-03-29 10:04:11,882][gateway.py:189] 交易委托失败，代码：31，信息：CTP:资金不足
ERROR  [2020-03-29 10:04:12,420][gateway.py:189] 交易委托失败，代码：31，信息：CTP:资金不足
ERROR  [2020-03-29 10:04:12,954][gateway.py:189] 交易委托失败，代码：31，信息：CTP:资金不足
ERROR  [2020-03-29 10:04:13,486][gateway.py:189] 交易委托失败，代码：31，信息：CTP:资金不足
ERROR  [2020-03-29 10:04:14,018][gateway.py:189] 交易委托失败，代码：31，信息：CTP:资金不足
ERROR  [2020-03-29 10:04:14,559][gateway.py:189] 交易委托失败，代码：31，信息：CTP:资金不足
ERROR  [2020-03-29 10:04:15,084][gateway.py:189] 交易委托失败，代码：31，信息：CTP:资金不足
ERROR  [2020-03-29 10:04:15,625][gateway.py:189] 交易委托失败，代码：31，信息：CTP:资金不足
ERROR  [2020-03-29 10:04:16,154][gateway.py:189] 交易委托失败，代码：31，信息：CTP:资金不足
ERROR  [2020-03-29 10:04:16,688][gateway.py:189] 交易委托失败，代码：31，信息：CTP:资金不足
ERROR  [2020-03-29 10:04:17,224][gateway.py:189] 交易委托失败，代码：31，信息：CTP:资金不足
ERROR  [2020-03-29 10:04:17,756][gateway.py:189] 交易委托失败，代码：31，信息：CTP:资金不足
ERROR  [2020-03-29 10:04:18,293][gateway.py:189] 交易委托失败，代码：31，信息：CTP:资金不足
ERROR  [2020-03-29 10:04:18,828][gateway.py:189] 交易委托失败，代码：31，信息：CTP:资金不足
ERROR  [2020-03-29 10:04:19,356][gateway.py:189] 交易委托失败，代码：31，信息：CTP:资金不足
ERROR  [2020-03-29 10:04:19,890][gateway.py:189] 交易委托失败，代码：31，信息：CTP:资金不足
ERROR  [2020-03-29 10:04:20,429][gateway.py:189] 交易委托失败，代码：31，信息：CTP:资金不足
ERROR  [2020-03-29 10:04:20,962][gateway.py:189] 交易委托失败，代码：31，信息：CTP:资金不足
ERROR  [2020-03-29 10:04:21,493][gateway.py:189] 交易委托失败，代码：31，信息：CTP:资金不足
ERROR  [2020-03-29 10:04:22,032][gateway.py:189] 交易委托失败，代码：31，信息：CTP:资金不足
ERROR  [2020-03-29 10:04:22,562][gateway.py:189] 交易委托失败，代码：31，信息：CTP:资金不足
ERROR  [2020-03-29 10:04:23,096][gateway.py:189] 交易委托失败，代码：31，信息：CTP:资金不足
ERROR  [2020-03-29 10:04:23,628][gateway.py:189] 交易委托失败，代码：31，信息：CTP:资金不足
ERROR  [2020-03-29 10:04:24,161][gateway.py:189] 交易委托失败，代码：31，信息：CTP:资金不足
ERROR  [2020-03-29 10:04:24,694][gateway.py:189] 交易委托失败，代码：31，信息：CTP:资金不足
ERROR  [2020-03-29 10:04:25,226][gateway.py:189] 交易委托失败，代码：31，信息：CTP:资金不足
ERROR  [2020-03-29 10:04:25,762][gateway.py:189] 交易委托失败，代码：31，信息：CTP:资金不足
ERROR  [2020-03-29 10:04:26,295][gateway.py:189] 交易委托失败，代码：31，信息：CTP:资金不足
ERROR  [2020-03-29 10:04:26,829][gateway.py:189] 交易委托失败，代码：31，信息：CTP:资金不足
ERROR  [2020-03-29 10:04:27,362][gateway.py:189] 交易委托失败，代码：31，信息：CTP:资金不足
ERROR  [2020-03-29 10:04:27,898][gateway.py:189] 交易委托失败，代码：31，信息：CTP:资金不足
ERROR  [2020-03-29 10:04:28,428][gateway.py:189] 交易委托失败，代码：31，信息：CTP:资金不足
ERROR  [2020-03-29 10:04:28,961][gateway.py:189] 交易委托失败，代码：31，信息：CTP:资金不足
ERROR  [2020-03-29 10:04:29,493][gateway.py:189] 交易委托失败，代码：31，信息：CTP:资金不足
ERROR  [2020-03-29 10:04:30,028][gateway.py:189] 交易委托失败，代码：31，信息：CTP:资金不足
ERROR  [2020-03-29 10:04:30,567][gateway.py:189] 交易委托失败，代码：31，信息：CTP:资金不足
ERROR  [2020-03-29 10:04:31,095][gateway.py:189] 交易委托失败，代码：31，信息：CTP:资金不足
ERROR  [2020-03-29 10:04:31,629][gateway.py:189] 交易委托失败，代码：31，信息：CTP:资金不足
ERROR  [2020-03-29 10:04:32,166][gateway.py:189] 交易委托失败，代码：31，信息：CTP:资金不足
ERROR  [2020-03-29 10:04:32,692][gateway.py:189] 交易委托失败，代码：31，信息：CTP:资金不足
ERROR  [2020-03-29 10:04:33,224][gateway.py:189] 交易委托失败，代码：31，信息：CTP:资金不足
ERROR  [2020-03-29 10:04:33,762][gateway.py:189] 交易委托失败，代码：31，信息：CTP:资金不足
ERROR  [2020-03-29 10:04:34,298][gateway.py:189] 交易委托失败，代码：31，信息：CTP:资金不足
ERROR  [2020-03-29 10:04:34,832][gateway.py:189] 交易委托失败，代码：31，信息：CTP:资金不足
ERROR  [2020-03-29 10:04:35,367][gateway.py:189] 交易委托失败，代码：31，信息：CTP:资金不足
ERROR  [2020-03-29 10:04:35,897][gateway.py:189] 交易委托失败，代码：31，信息：CTP:资金不足
ERROR  [2020-03-29 10:04:36,429][gateway.py:189] 交易委托失败，代码：31，信息：CTP:资金不足
ERROR  [2020-03-29 10:04:36,967][gateway.py:189] 交易委托失败，代码：31，信息：CTP:资金不足
ERROR  [2020-03-29 10:04:37,497][gateway.py:189] 交易委托失败，代码：31，信息：CTP:资金不足
ERROR  [2020-03-29 10:04:38,028][gateway.py:189] 交易委托失败，代码：31，信息：CTP:资金不足
ERROR  [2020-03-29 10:04:38,563][gateway.py:189] 交易委托失败，代码：31，信息：CTP:资金不足
ERROR  [2020-03-29 10:04:39,096][gateway.py:189] 交易委托失败，代码：31，信息：CTP:资金不足
ERROR  [2020-03-29 10:04:39,636][gateway.py:189] 交易委托失败，代码：31，信息：CTP:资金不足
ERROR  [2020-03-29 10:04:40,169][gateway.py:189] 交易委托失败，代码：31，信息：CTP:资金不足
ERROR  [2020-03-29 10:04:40,701][gateway.py:189] 交易委托失败，代码：31，信息：CTP:资金不足
ERROR  [2020-03-29 10:04:41,233][gateway.py:189] 交易委托失败，代码：31，信息：CTP:资金不足
ERROR  [2020-03-29 10:04:41,768][gateway.py:189] 交易委托失败，代码：31，信息：CTP:资金不足
ERROR  [2020-03-29 10:04:42,306][gateway.py:189] 交易委托失败，代码：31，信息：CTP:资金不足
ERROR  [2020-03-29 10:04:42,832][gateway.py:189] 交易委托失败，代码：31，信息：CTP:资金不足
ERROR  [2020-03-29 10:04:43,370][gateway.py:189] 交易委托失败，代码：31，信息：CTP:资金不足
ERROR  [2020-03-29 10:04:43,906][gateway.py:189] 交易委托失败，代码：31，信息：CTP:资金不足
ERROR  [2020-03-29 10:04:44,437][gateway.py:189] 交易委托失败，代码：31，信息：CTP:资金不足
ERROR  [2020-03-29 10:04:44,978][gateway.py:189] 交易委托失败，代码：31，信息：CTP:资金不足
ERROR  [2020-03-29 10:04:45,509][gateway.py:189] 交易委托失败，代码：31，信息：CTP:资金不足
ERROR  [2020-03-29 10:04:46,048][gateway.py:189] 交易委托失败，代码：31，信息：CTP:资金不足
ERROR  [2020-03-29 10:04:46,588][gateway.py:189] 交易委托失败，代码：31，信息：CTP:资金不足
ERROR  [2020-03-29 10:04:47,117][gateway.py:189] 交易委托失败，代码：31，信息：CTP:资金不足
ERROR  [2020-03-29 10:04:47,645][gateway.py:189] 交易委托失败，代码：31，信息：CTP:资金不足
ERROR  [2020-03-29 10:04:48,181][gateway.py:189] 交易委托失败，代码：31，信息：CTP:资金不足
ERROR  [2020-03-29 10:04:48,717][gateway.py:189] 交易委托失败，代码：31，信息：CTP:资金不足
ERROR  [2020-03-29 10:04:49,250][gateway.py:189] 交易委托失败，代码：31，信息：CTP:资金不足
ERROR  [2020-03-29 10:04:49,784][gateway.py:189] 交易委托失败，代码：31，信息：CTP:资金不足
ERROR  [2020-03-29 10:04:50,408][gateway.py:189] 交易委托失败，代码：31，信息：CTP:资金不足
ERROR  [2020-03-29 10:04:50,850][gateway.py:189] 交易委托失败，代码：31，信息：CTP:资金不足
ERROR  [2020-03-29 10:04:51,384][gateway.py:189] 交易委托失败，代码：31，信息：CTP:资金不足
ERROR  [2020-03-29 10:04:51,918][gateway.py:189] 交易委托失败，代码：31，信息：CTP:资金不足
ERROR  [2020-03-29 10:04:52,452][gateway.py:189] 交易委托失败，代码：31，信息：CTP:资金不足
ERROR  [2020-03-29 10:04:52,986][gateway.py:189] 交易委托失败，代码：31，信息：CTP:资金不足
ERROR  [2020-03-29 10:04:53,517][gateway.py:189] 交易委托失败，代码：31，信息：CTP:资金不足
ERROR  [2020-03-29 10:04:54,049][gateway.py:189] 交易委托失败，代码：31，信息：CTP:资金不足
ERROR  [2020-03-29 10:04:54,586][gateway.py:189] 交易委托失败，代码：31，信息：CTP:资金不足
ERROR  [2020-03-29 10:04:55,123][gateway.py:189] 交易委托失败，代码：31，信息：CTP:资金不足
ERROR  [2020-03-29 10:04:55,651][gateway.py:189] 交易委托失败，代码：31，信息：CTP:资金不足
ERROR  [2020-03-29 10:04:56,183][gateway.py:189] 交易委托失败，代码：31，信息：CTP:资金不足
ERROR  [2020-03-29 10:04:56,724][gateway.py:189] 交易委托失败，代码：31，信息：CTP:资金不足
ERROR  [2020-03-29 10:04:57,246][gateway.py:189] 交易委托失败，代码：31，信息：CTP:资金不足
ERROR  [2020-03-29 10:04:57,788][gateway.py:189] 交易委托失败，代码：31，信息：CTP:资金不足
ERROR  [2020-03-29 10:04:58,319][gateway.py:189] 交易委托失败，代码：31，信息：CTP:资金不足
ERROR  [2020-03-29 10:04:58,853][gateway.py:189] 交易委托失败，代码：31，信息：CTP:资金不足
ERROR  [2020-03-29 10:04:59,386][gateway.py:189] 交易委托失败，代码：31，信息：CTP:资金不足
ERROR  [2020-03-29 10:04:59,926][gateway.py:189] 交易委托失败，代码：31，信息：CTP:资金不足
INFO  [2020-03-29 10:05:00,377][gateway.py:189] tdx check point. 2020-03-29 10:05:00.377115, process symbols:{'IL9'}
ERROR  [2020-03-29 10:05:00,463][gateway.py:189] 交易委托失败，代码：31，信息：CTP:资金不足
ERROR  [2020-03-29 10:05:00,991][gateway.py:189] 交易委托失败，代码：31，信息：CTP:资金不足
INFO  [2020-03-29 10:05:39,386][gateway.py:189] 订阅:Exchange.DCE i2005
INFO  [2020-03-29 10:05:48,154][gateway.py:189] 订阅:Exchange.DCE j2005
INFO  [2020-03-29 10:05:48,994][gateway.py:189] 订阅:Exchange.DCE i2005
INFO  [2020-03-29 10:06:00,274][gateway.py:189] tdx check point. 2020-03-29 10:06:00.274231, process symbols:{'IL9'}
INFO  [2020-03-29 10:06:25,099][gateway.py:189] 断开行情API
INFO  [2020-03-29 10:06:25,141][gateway.py:189] 断开交易API
INFO  [2020-03-29 10:06:25,163][gateway.py:189] 断开tdx指数行情API
INFO  [2020-03-29 10:06:25,163][gateway.py:189] 退出tdx API
ERROR  [2020-03-29 10:06:25,561][gateway.py:189] tdx查询线程 2020-03-29 10:06:25.561501退出
INFO  [2020-03-29 10:06:55,768][gateway.py:189] 加载的自定义价差/价比配置:{'BU99-1-TA99-1-BJ': {'name': '沥青/TA指数比', 'exchange': 'SPD', 'leg1_symbol': 'BU99', 'leg1_ratio': 1, 'leg2_symbol': 'TA99', 'leg2_ratio': 1, 'is_ratio': True, 'size': 100, 'margin_rate': 0.2, 'price_tick': 0.01}, 'JM99-1-I99-1-BJ': {'name': '焦煤/铁矿指数比', 'exchange': 'SPD', 'leg1_symbol': 'JM99', 'leg1_ratio': 1, 'leg2_symbol': 'I99', 'leg2_ratio': 1, 'price_tick': 0.01, 'is_ratio': True, 'size': 100, 'margin_rate': 0.2}, 'jm2005-1-i2005-1-BJ': {'name': '焦煤/铁矿主力比', 'exchange': 'SPD', 'leg1_symbol': 'jm2005', 'leg1_ratio': 1, 'leg2_symbol': 'i2005', 'leg2_ratio': 1, 'price_tick': 0.01, 'is_ratio': True, 'size': 100, 'margin_rate': 0.2}}
INFO  [2020-03-29 10:06:55,771][gateway.py:189] 开始连接通达信行情服务器
INFO  [2020-03-29 10:06:55,848][gateway.py:189] 创建tdx连接, IP: 106.14.95.149/7727
INFO  [2020-03-29 10:06:55,849][gateway.py:189] 开始运行tdx查询指数行情线程,2020-03-29 10:06:55.849497
INFO  [2020-03-29 10:06:55,897][gateway.py:189] 行情服务器连接成功
INFO  [2020-03-29 10:06:55,903][gateway.py:189] 交易服务器连接成功
INFO  [2020-03-29 10:06:56,031][gateway.py:189] 交易服务器授权验证成功
INFO  [2020-03-29 10:06:56,032][gateway.py:189] 行情服务器登录成功
INFO  [2020-03-29 10:06:56,234][gateway.py:189] 交易服务器登录成功
INFO  [2020-03-29 10:06:58,749][gateway.py:189] 结算信息确认成功
INFO  [2020-03-29 10:06:59,425][gateway.py:189] 合约信息查询成功
INFO  [2020-03-29 10:07:00,374][gateway.py:189] tdx check point. 2020-03-29 10:07:00.373538, process symbols:set()
INFO  [2020-03-29 10:07:06,166][gateway.py:189] 订阅:Exchange.DCE i2005
INFO  [2020-03-29 10:08:00,272][gateway.py:189] tdx check point. 2020-03-29 10:08:00.272629, process symbols:set()
INFO  [2020-03-29 10:09:00,333][gateway.py:189] tdx check point. 2020-03-29 10:09:00.333796, process symbols:set()
INFO  [2020-03-29 10:10:00,393][gateway.py:189] tdx check point. 2020-03-29 10:10:00.393435, process symbols:set()
INFO  [2020-03-29 10:11:00,443][gateway.py:189] tdx check point. 2020-03-29 10:11:00.443130, process symbols:set()
INFO  [2020-03-29 10:12:00,095][gateway.py:189] tdx check point. 2020-03-29 10:12:00.095747, process symbols:set()
INFO  [2020-03-29 10:13:00,150][gateway.py:189] tdx check point. 2020-03-29 10:13:00.150042, process symbols:set()
INFO  [2020-03-29 10:14:00,200][gateway.py:189] tdx check point. 2020-03-29 10:14:00.200702, process symbols:set()
INFO  [2020-03-29 10:15:00,285][gateway.py:189] tdx check point. 2020-03-29 10:15:00.285783, process symbols:set()
INFO  [2020-03-29 10:16:00,365][gateway.py:189] tdx check point. 2020-03-29 10:16:00.365496, process symbols:set()
INFO  [2020-03-29 10:17:00,422][gateway.py:189] tdx check point. 2020-03-29 10:17:00.422585, process symbols:set()
INFO  [2020-03-29 10:18:00,473][gateway.py:189] tdx check point. 2020-03-29 10:18:00.473326, process symbols:set()
INFO  [2020-03-29 10:19:00,059][gateway.py:189] tdx check point. 2020-03-29 10:19:00.059597, process symbols:set()
INFO  [2020-03-29 10:20:00,304][gateway.py:189] tdx check point. 2020-03-29 10:20:00.304226, process symbols:set()
INFO  [2020-03-29 10:21:00,365][gateway.py:189] tdx check point. 2020-03-29 10:21:00.365916, process symbols:set()
INFO  [2020-03-29 10:22:00,183][gateway.py:189] tdx check point. 2020-03-29 10:22:00.183754, process symbols:set()
INFO  [2020-03-29 10:23:00,244][gateway.py:189] tdx check point. 2020-03-29 10:23:00.244047, process symbols:set()
INFO  [2020-03-29 10:24:00,296][gateway.py:189] tdx check point. 2020-03-29 10:24:00.296963, process symbols:set()
INFO  [2020-03-29 10:25:00,348][gateway.py:189] tdx check point. 2020-03-29 10:25:00.348785, process symbols:set()
INFO  [2020-03-29 10:26:00,403][gateway.py:189] tdx check point. 2020-03-29 10:26:00.403623, process symbols:set()
INFO  [2020-03-29 10:27:00,458][gateway.py:189] tdx check point. 2020-03-29 10:27:00.458032, process symbols:set()
INFO  [2020-03-29 10:28:00,034][gateway.py:189] tdx check point. 2020-03-29 10:28:00.034191, process symbols:set()
INFO  [2020-03-29 10:29:00,129][gateway.py:189] tdx check point. 2020-03-29 10:29:00.129015, process symbols:set()
INFO  [2020-03-29 10:30:00,727][gateway.py:189] tdx check point. 2020-03-29 10:30:00.727826, process symbols:set()
INFO  [2020-03-29 10:31:00,114][gateway.py:189] tdx check point. 2020-03-29 10:31:00.114712, process symbols:set()
INFO  [2020-03-29 10:32:00,262][gateway.py:189] tdx check point. 2020-03-29 10:32:00.262374, process symbols:set()
INFO  [2020-03-29 10:33:00,327][gateway.py:189] tdx check point. 2020-03-29 10:33:00.327032, process symbols:set()
INFO  [2020-03-29 10:34:00,146][gateway.py:189] tdx check point. 2020-03-29 10:34:00.145530, process symbols:set()
INFO  [2020-03-29 10:35:00,205][gateway.py:189] tdx check point. 2020-03-29 10:35:00.205667, process symbols:set()
INFO  [2020-03-29 10:36:00,285][gateway.py:189] tdx check point. 2020-03-29 10:36:00.285179, process symbols:set()
INFO  [2020-03-29 10:37:00,474][gateway.py:189] tdx check point. 2020-03-29 10:37:00.474594, process symbols:set()
INFO  [2020-03-29 10:38:00,039][gateway.py:189] tdx check point. 2020-03-29 10:38:00.039540, process symbols:set()
INFO  [2020-03-29 10:39:00,404][gateway.py:189] tdx check point. 2020-03-29 10:39:00.404708, process symbols:set()
INFO  [2020-03-29 10:40:00,463][gateway.py:189] tdx check point. 2020-03-29 10:40:00.463851, process symbols:set()
INFO  [2020-03-29 10:41:00,018][gateway.py:189] tdx check point. 2020-03-29 10:41:00.018195, process symbols:set()
INFO  [2020-03-29 10:42:00,085][gateway.py:189] tdx check point. 2020-03-29 10:42:00.085429, process symbols:set()
INFO  [2020-03-29 10:43:00,150][gateway.py:189] tdx check point. 2020-03-29 10:43:00.150453, process symbols:set()
INFO  [2020-03-29 10:44:00,216][gateway.py:189] tdx check point. 2020-03-29 10:44:00.216135, process symbols:set()
INFO  [2020-03-29 10:45:00,381][gateway.py:189] tdx check point. 2020-03-29 10:45:00.381206, process symbols:set()
INFO  [2020-03-29 10:46:00,294][gateway.py:189] tdx check point. 2020-03-29 10:46:00.294767, process symbols:set()
INFO  [2020-03-29 10:47:00,098][gateway.py:189] tdx check point. 2020-03-29 10:47:00.098393, process symbols:set()
INFO  [2020-03-29 10:48:00,150][gateway.py:189] tdx check point. 2020-03-29 10:48:00.150613, process symbols:set()
INFO  [2020-03-29 10:49:00,200][gateway.py:189] tdx check point. 2020-03-29 10:49:00.200917, process symbols:set()
INFO  [2020-03-29 10:50:00,419][gateway.py:189] tdx check point. 2020-03-29 10:50:00.419820, process symbols:set()
INFO  [2020-03-29 10:51:00,084][gateway.py:189] tdx check point. 2020-03-29 10:51:00.084502, process symbols:set()
INFO  [2020-03-29 10:52:00,201][gateway.py:189] tdx check point. 2020-03-29 10:52:00.201834, process symbols:set()
INFO  [2020-03-29 10:53:00,383][gateway.py:189] tdx check point. 2020-03-29 10:53:00.383526, process symbols:set()
INFO  [2020-03-29 10:54:00,250][gateway.py:189] tdx check point. 2020-03-29 10:54:00.249394, process symbols:set()
INFO  [2020-03-29 10:55:00,455][gateway.py:189] tdx check point. 2020-03-29 10:55:00.455019, process symbols:set()
INFO  [2020-03-29 10:56:00,372][gateway.py:189] tdx check point. 2020-03-29 10:56:00.372533, process symbols:set()
INFO  [2020-03-29 10:57:00,349][gateway.py:189] tdx check point. 2020-03-29 10:57:00.348722, process symbols:set()
INFO  [2020-03-29 10:58:00,275][gateway.py:189] tdx check point. 2020-03-29 10:58:00.274927, process symbols:set()
INFO  [2020-03-29 10:59:00,475][gateway.py:189] tdx check point. 2020-03-29 10:59:00.475296, process symbols:set()
INFO  [2020-03-29 11:00:00,191][gateway.py:189] tdx check point. 2020-03-29 11:00:00.191764, process symbols:set()
INFO  [2020-03-29 11:01:00,348][gateway.py:189] tdx check point. 2020-03-29 11:01:00.347876, process symbols:set()
INFO  [2020-03-29 11:02:00,022][gateway.py:189] tdx check point. 2020-03-29 11:02:00.022639, process symbols:set()
INFO  [2020-03-29 11:03:00,086][gateway.py:189] tdx check point. 2020-03-29 11:03:00.086203, process symbols:set()
INFO  [2020-03-29 11:04:00,138][gateway.py:189] tdx check point. 2020-03-29 11:04:00.138457, process symbols:set()
INFO  [2020-03-29 11:05:00,195][gateway.py:189] tdx check point. 2020-03-29 11:05:00.195833, process symbols:set()
INFO  [2020-03-29 11:06:00,256][gateway.py:189] tdx check point. 2020-03-29 11:06:00.256405, process symbols:set()
INFO  [2020-03-29 11:07:00,308][gateway.py:189] tdx check point. 2020-03-29 11:07:00.308545, process symbols:set()
INFO  [2020-03-29 11:08:00,048][gateway.py:189] tdx check point. 2020-03-29 11:08:00.048695, process symbols:set()
INFO  [2020-03-29 11:09:00,129][gateway.py:189] tdx check point. 2020-03-29 11:09:00.129317, process symbols:set()
INFO  [2020-03-29 11:10:00,190][gateway.py:189] tdx check point. 2020-03-29 11:10:00.190209, process symbols:set()
INFO  [2020-03-29 11:11:00,336][gateway.py:189] tdx check point. 2020-03-29 11:11:00.336745, process symbols:set()
INFO  [2020-03-29 11:12:00,505][gateway.py:189] tdx check point. 2020-03-29 11:12:00.505252, process symbols:set()
INFO  [2020-03-29 11:13:00,439][gateway.py:189] tdx check point. 2020-03-29 11:13:00.439316, process symbols:set()
INFO  [2020-03-29 11:14:00,007][gateway.py:189] tdx check point. 2020-03-29 11:14:00.007709, process symbols:set()
INFO  [2020-03-29 11:15:00,381][gateway.py:189] tdx check point. 2020-03-29 11:15:00.381171, process symbols:set()
INFO  [2020-03-29 11:16:00,465][gateway.py:189] tdx check point. 2020-03-29 11:16:00.464719, process symbols:set()
INFO  [2020-03-29 11:17:00,355][gateway.py:189] tdx check point. 2020-03-29 11:17:00.355985, process symbols:set()
INFO  [2020-03-29 11:18:00,261][gateway.py:189] tdx check point. 2020-03-29 11:18:00.261753, process symbols:set()
INFO  [2020-03-29 11:19:00,422][gateway.py:189] tdx check point. 2020-03-29 11:19:00.422390, process symbols:set()
INFO  [2020-03-29 11:20:00,191][gateway.py:189] tdx check point. 2020-03-29 11:20:00.191189, process symbols:set()
INFO  [2020-03-29 11:21:00,381][gateway.py:189] tdx check point. 2020-03-29 11:21:00.381432, process symbols:set()
INFO  [2020-03-29 11:22:00,454][gateway.py:189] tdx check point. 2020-03-29 11:22:00.454590, process symbols:set()
INFO  [2020-03-29 11:23:00,050][gateway.py:189] tdx check point. 2020-03-29 11:23:00.050905, process symbols:set()
INFO  [2020-03-29 11:24:00,319][gateway.py:189] tdx check point. 2020-03-29 11:24:00.319690, process symbols:set()
INFO  [2020-03-29 11:25:00,382][gateway.py:189] tdx check point. 2020-03-29 11:25:00.382300, process symbols:set()
INFO  [2020-03-29 11:26:00,127][gateway.py:189] tdx check point. 2020-03-29 11:26:00.127984, process symbols:set()
INFO  [2020-03-29 11:27:00,177][gateway.py:189] tdx check point. 2020-03-29 11:27:00.177881, process symbols:set()
INFO  [2020-03-29 11:28:00,054][gateway.py:189] tdx check point. 2020-03-29 11:28:00.054873, process symbols:set()
INFO  [2020-03-29 11:29:00,103][gateway.py:189] tdx check point. 2020-03-29 11:29:00.103663, process symbols:set()
INFO  [2020-03-29 11:30:00,162][gateway.py:189] tdx check point. 2020-03-29 11:30:00.162300, process symbols:set()
INFO  [2020-03-29 11:31:00,305][gateway.py:189] tdx check point. 2020-03-29 11:31:00.305719, process symbols:set()
INFO  [2020-03-29 11:32:00,355][gateway.py:189] tdx check point. 2020-03-29 11:32:00.355165, process symbols:set()
INFO  [2020-03-29 11:33:00,409][gateway.py:189] tdx check point. 2020-03-29 11:33:00.409201, process symbols:set()
INFO  [2020-03-29 11:34:00,482][gateway.py:189] tdx check point. 2020-03-29 11:34:00.482903, process symbols:set()
INFO  [2020-03-29 11:35:00,007][gateway.py:189] tdx check point. 2020-03-29 11:35:00.007958, process symbols:set()
INFO  [2020-03-29 11:36:00,076][gateway.py:189] tdx check point. 2020-03-29 11:36:00.076337, process symbols:set()
INFO  [2020-03-29 11:37:00,269][gateway.py:189] tdx check point. 2020-03-29 11:37:00.269285, process symbols:set()
INFO  [2020-03-29 11:38:00,331][gateway.py:189] tdx check point. 2020-03-29 11:38:00.331137, process symbols:set()
